{"logTime": "0130/070315", "correlationVector":"nYQGCsQaOLVHjX0isGwbJa.3","action":"GetUpdates", "result":"DeleteReceived", "context":{"id":"d228c376-8835-4f2d-b294-874bf8e87f06", "isDeleted:":"true", "version":"1674647395029"}}
{"logTime": "0130/070315", "correlationVector":"nYQGCsQaOLVHjX0isGwbJa.4","action":"GetUpdates", "result":"DeleteReceived", "context":{"id":"7df20c2a-0b6d-4a9f-9d3b-2a03c6957cfe", "isDeleted:":"true", "version":"1674647395741"}}
{"logTime": "0130/070315", "correlationVector":"nYQGCsQaOLVHjX0isGwbJa.5","action":"GetUpdates", "result":"DeleteReceived", "context":{"id":"8dc72789-0fd9-4e4e-9ac6-b88ae5b8ee6f", "isDeleted:":"true", "version":"1674647396486"}}
{"logTime": "0130/070315", "correlationVector":"nYQGCsQaOLVHjX0isGwbJa.6","action":"GetUpdates", "result":"DeleteReceived", "context":{"id":"6cbf6f9e-b286-4a01-a9b4-b4b193be72fe", "isDeleted:":"true", "version":"1674647397240"}}
{"logTime": "0130/070315", "correlationVector":"nYQGCsQaOLVHjX0isGwbJa.7","action":"GetUpdates", "result":"DeleteReceived", "context":{"id":"ae5362ee-6b6b-4f75-aebf-7cb130898377", "isDeleted:":"true", "version":"1674647398128"}}
{"logTime": "0130/070315", "correlationVector":"nYQGCsQaOLVHjX0isGwbJa.8","action":"GetUpdates", "result":"DeleteReceived", "context":{"id":"7c9d6442-c6c2-4f14-b845-49885d19f1f4", "isDeleted:":"true", "version":"1674647400168"}}
{"logTime": "0130/070315", "correlationVector":"nYQGCsQaOLVHjX0isGwbJa.9","action":"GetUpdates", "result":"DeleteReceived", "context":{"id":"5701b726-2c69-4807-b5a3-aafce6ab4379", "isDeleted:":"true", "version":"1674647400973"}}
{"logTime": "0130/070315", "correlationVector":"nYQGCsQaOLVHjX0isGwbJa.10","action":"GetUpdates", "result":"DeleteReceived", "context":{"id":"7de2ebcb-9438-4d14-818f-0032197be572", "isDeleted:":"true", "version":"1674647401780"}}
{"logTime": "0130/070315", "correlationVector":"nYQGCsQaOLVHjX0isGwbJa.11","action":"GetUpdates", "result":"DeleteReceived", "context":{"id":"52578e04-6f7d-4de8-8fda-95e34bb81a9a", "isDeleted:":"true", "version":"1674647402650"}}
{"logTime": "0130/070315", "correlationVector":"nYQGCsQaOLVHjX0isGwbJa.12","action":"GetUpdates", "result":"DeleteReceived", "context":{"id":"1cdec742-0586-4723-8588-05aa782d00e8", "isDeleted:":"true", "version":"1674647403542"}}
{"logTime": "0130/070315", "correlationVector":"nYQGCsQaOLVHjX0isGwbJa.13","action":"GetUpdates", "result":"DeleteReceived", "context":{"id":"d62918fa-24fb-4e8a-bc02-e1d95e822ca7", "isDeleted:":"true", "version":"1674647410787"}}
{"logTime": "0130/070315", "correlationVector":"nYQGCsQaOLVHjX0isGwbJa.14","action":"GetUpdates", "result":"DeleteReceived", "context":{"id":"094f83fe-d313-489f-b11e-853041113577", "isDeleted:":"true", "version":"1674647411590"}}
{"logTime": "0130/070315", "correlationVector":"nYQGCsQaOLVHjX0isGwbJa.15","action":"GetUpdates", "result":"DeleteReceived", "context":{"id":"9c874d9e-c627-4c64-9071-07602ab63b0d", "isDeleted:":"true", "version":"1674647412389"}}
{"logTime": "0130/070315", "correlationVector":"nYQGCsQaOLVHjX0isGwbJa.16","action":"GetUpdates", "result":"DeleteReceived", "context":{"id":"606fe9de-43ba-4cc2-83ed-0bbc6f5c3f40", "isDeleted:":"true", "version":"1674647413270"}}
{"logTime": "0130/070315", "correlationVector":"nYQGCsQaOLVHjX0isGwbJa.17","action":"GetUpdates", "result":"DeleteReceived", "context":{"id":"bb753ef0-ed0f-4e9f-b253-3a93497aa1f8", "isDeleted:":"true", "version":"1674647414094"}}
{"logTime": "0130/070315", "correlationVector":"nYQGCsQaOLVHjX0isGwbJa.18","action":"GetUpdates", "result":"DeleteReceived", "context":{"id":"f62682f7-f221-40a3-839a-f71bb2c40145", "isDeleted:":"true", "version":"1674647415971"}}
{"logTime": "0130/070315", "correlationVector":"nYQGCsQaOLVHjX0isGwbJa.19","action":"GetUpdates", "result":"DeleteReceived", "context":{"id":"30e69eaa-9d5a-4b44-8b5e-81f42fb57344", "isDeleted:":"true", "version":"1674647428322"}}
{"logTime": "0130/070315", "correlationVector":"nYQGCsQaOLVHjX0isGwbJa.20","action":"GetUpdates", "result":"DeleteReceived", "context":{"id":"d466a80a-d590-4354-826f-1e5892ac9f61", "isDeleted:":"true", "version":"1674647428324"}}
{"logTime": "0130/070315", "correlationVector":"nYQGCsQaOLVHjX0isGwbJa.21","action":"GetUpdates", "result":"DeleteReceived", "context":{"id":"1fa8204f-8600-4474-84a5-bd733fa0468e", "isDeleted:":"true", "version":"1674627108687"}}
{"logTime": "0130/070315", "correlationVector":"nYQGCsQaOLVHjX0isGwbJa.22","action":"GetUpdates", "result":"DeleteReceived", "context":{"id":"a5145aa5-d502-444c-abd4-5f6c27a90e56", "isDeleted:":"true", "version":"1674446945369"}}
{"logTime": "0130/070315", "correlationVector":"nYQGCsQaOLVHjX0isGwbJa.23","action":"GetUpdates", "result":"DeleteReceived", "context":{"id":"7441d8f5-64f9-4ba7-b122-9716a8eb7c70", "isDeleted:":"true", "version":"1674446945370"}}
{"logTime": "0130/070315", "correlationVector":"nYQGCsQaOLVHjX0isGwbJa.24","action":"GetUpdates", "result":"DeleteReceived", "context":{"id":"c7bd316b-a180-42bf-88ad-57b60f3958d7", "isDeleted:":"true", "version":"1674457157260"}}
{"logTime": "0130/070315", "correlationVector":"nYQGCsQaOLVHjX0isGwbJa.25","action":"GetUpdates", "result":"DeleteReceived", "context":{"id":"a5b73d46-e213-4bd4-8e2d-de4a70655437", "isDeleted:":"true", "version":"1674457157261"}}
{"logTime": "0130/070315", "correlationVector":"nYQGCsQaOLVHjX0isGwbJa.26","action":"GetUpdates", "result":"DeleteReceived", "context":{"id":"826bf843-a2b1-4841-98db-c7a75572c73e", "isDeleted:":"true", "version":"1674457157262"}}
{"logTime": "0130/070315", "correlationVector":"nYQGCsQaOLVHjX0isGwbJa.27","action":"GetUpdates", "result":"DeleteReceived", "context":{"id":"e42a51b2-350f-4484-9ef0-880d96e70041", "isDeleted:":"true", "version":"1674460723860"}}
{"logTime": "0130/070315", "correlationVector":"nYQGCsQaOLVHjX0isGwbJa.28","action":"GetUpdates", "result":"DeleteReceived", "context":{"id":"fcf594b1-1c5c-4f44-9aba-e0a0cf3977b1", "isDeleted:":"true", "version":"1674460723861"}}
{"logTime": "0130/070315", "correlationVector":"nYQGCsQaOLVHjX0isGwbJa.29","action":"GetUpdates", "result":"DeleteReceived", "context":{"id":"009628db-957f-4a65-9a06-b5e83e1fc22b", "isDeleted:":"true", "version":"1674460837596"}}
{"logTime": "0130/070315", "correlationVector":"nYQGCsQaOLVHjX0isGwbJa.30","action":"GetUpdates", "result":"DeleteReceived", "context":{"id":"e1ac9b57-4f29-47b5-8907-5e7eeff806f2", "isDeleted:":"true", "version":"1674460837597"}}
{"logTime": "0130/070315", "correlationVector":"nYQGCsQaOLVHjX0isGwbJa.31","action":"GetUpdates", "result":"DeleteReceived", "context":{"id":"5ccd8741-4c24-4ba3-a894-0f2c70c30a4a", "isDeleted:":"true", "version":"1674533443201"}}
{"logTime": "0130/070315", "correlationVector":"nYQGCsQaOLVHjX0isGwbJa.32","action":"GetUpdates", "result":"DeleteReceived", "context":{"id":"73930ce7-2f2e-4a94-8168-639e9f232787", "isDeleted:":"true", "version":"1674533443202"}}
{"logTime": "0130/070315", "correlationVector":"nYQGCsQaOLVHjX0isGwbJa.33","action":"GetUpdates", "result":"DeleteReceived", "context":{"id":"50d7c753-13e0-43cd-8cfe-9b8b6a1121ed", "isDeleted:":"true", "version":"1674533494740"}}
{"logTime": "0130/070315", "correlationVector":"nYQGCsQaOLVHjX0isGwbJa.34","action":"GetUpdates", "result":"DeleteReceived", "context":{"id":"cfa13d80-b1f1-4228-8418-9206f0a42422", "isDeleted:":"true", "version":"1674533494742"}}
{"logTime": "0130/070315", "correlationVector":"nYQGCsQaOLVHjX0isGwbJa.35","action":"GetUpdates", "result":"DeleteReceived", "context":{"id":"6e8eeef6-fc1f-47b1-b8b2-ce95c90e85ab", "isDeleted:":"true", "version":"1674533494743"}}
{"logTime": "0130/070315", "correlationVector":"nYQGCsQaOLVHjX0isGwbJa.36","action":"GetUpdates", "result":"DeleteReceived", "context":{"id":"55400f13-b254-45f9-8458-c63620a710a8", "isDeleted:":"true", "version":"1674533526539"}}
{"logTime": "0130/070315", "correlationVector":"nYQGCsQaOLVHjX0isGwbJa.37","action":"GetUpdates", "result":"DeleteReceived", "context":{"id":"e72706db-1c7d-4234-bd50-2d10a31339b3", "isDeleted:":"true", "version":"1674627108689"}}
{"logTime": "0130/070315", "correlationVector":"nYQGCsQaOLVHjX0isGwbJa.38","action":"GetUpdates", "result":"DeleteReceived", "context":{"id":"2b9243b6-b5f5-4244-acee-c4cced713c0e", "isDeleted:":"true", "version":"1674635115930"}}
{"logTime": "0130/070315", "correlationVector":"nYQGCsQaOLVHjX0isGwbJa.39","action":"GetUpdates", "result":"DeleteReceived", "context":{"id":"f68295b3-dbfe-4b69-9cf9-805936aea294", "isDeleted:":"true", "version":"1674635456627"}}
{"logTime": "0130/070315", "correlationVector":"nYQGCsQaOLVHjX0isGwbJa.40","action":"GetUpdates", "result":"DeleteReceived", "context":{"id":"aa4a28b1-b651-4893-bb0b-53cf5515bded", "isDeleted:":"true", "version":"1674644067030"}}
{"logTime": "0130/070315", "correlationVector":"nYQGCsQaOLVHjX0isGwbJa.41","action":"GetUpdates", "result":"DeleteReceived", "context":{"id":"676a2cc5-141e-4c5a-9bc4-2bc149e93c4a", "isDeleted:":"true", "version":"1674644100185"}}
{"logTime": "0130/070315", "correlationVector":"nYQGCsQaOLVHjX0isGwbJa.42","action":"GetUpdates", "result":"DeleteReceived", "context":{"id":"ec9d0f94-6ee8-4f0a-a237-7061e1409fe6", "isDeleted:":"true", "version":"1674644665901"}}
{"logTime": "0130/070315", "correlationVector":"nYQGCsQaOLVHjX0isGwbJa.43","action":"GetUpdates", "result":"DeleteReceived", "context":{"id":"6ba86877-9e8b-42c1-becb-98cde00a14d8", "isDeleted:":"true", "version":"1674644701874"}}
{"logTime": "0130/070315", "correlationVector":"nYQGCsQaOLVHjX0isGwbJa.44","action":"GetUpdates", "result":"DeleteReceived", "context":{"id":"b14922b8-2939-4722-8b41-83a9d1f80642", "isDeleted:":"true", "version":"1674647000458"}}
{"logTime": "0130/070315", "correlationVector":"nYQGCsQaOLVHjX0isGwbJa.45","action":"GetUpdates", "result":"DeleteReceived", "context":{"id":"d1e08cb0-0468-42b3-85f6-0c3526a98e30", "isDeleted:":"true", "version":"1674647000459"}}
{"logTime": "0130/070315", "correlationVector":"nYQGCsQaOLVHjX0isGwbJa.46","action":"GetUpdates", "result":"DeleteReceived", "context":{"id":"24b64501-b549-40fe-a6b5-b63e02d85517", "isDeleted:":"true", "version":"1674647000461"}}
{"logTime": "0130/070315", "correlationVector":"nYQGCsQaOLVHjX0isGwbJa.47","action":"GetUpdates", "result":"DeleteReceived", "context":{"id":"5f566bed-20bb-407e-a9e3-59c0e3d5a262", "isDeleted:":"true", "version":"1674647000462"}}
{"logTime": "0130/070315", "correlationVector":"nYQGCsQaOLVHjX0isGwbJa.48","action":"GetUpdates", "result":"DeleteReceived", "context":{"id":"63d8535e-23b3-4a54-ac4d-6f2a142bb499", "isDeleted:":"true", "version":"1674647000463"}}
{"logTime": "0130/070315", "correlationVector":"nYQGCsQaOLVHjX0isGwbJa.49","action":"GetUpdates", "result":"DeleteReceived", "context":{"id":"a15255bf-4f00-4641-926d-a77e8a9ca1eb", "isDeleted:":"true", "version":"1674647000464"}}
{"logTime": "0130/070315", "correlationVector":"nYQGCsQaOLVHjX0isGwbJa.50","action":"GetUpdates", "result":"DeleteReceived", "context":{"id":"0903e01d-2cc3-4668-8cea-d2c93a27738f", "isDeleted:":"true", "version":"1674647000465"}}
{"logTime": "0130/070315", "correlationVector":"nYQGCsQaOLVHjX0isGwbJa.51","action":"GetUpdates", "result":"DeleteReceived", "context":{"id":"9f85b169-0074-48bd-a438-41cc07c1c24a", "isDeleted:":"true", "version":"1674647000466"}}
{"logTime": "0130/070315", "correlationVector":"nYQGCsQaOLVHjX0isGwbJa.52","action":"GetUpdates", "result":"DeleteReceived", "context":{"id":"de6d5f64-28b8-4062-aa0b-a6046bfa5988", "isDeleted:":"true", "version":"1674648122897"}}
{"logTime": "0130/070315", "correlationVector":"nYQGCsQaOLVHjX0isGwbJa.53","action":"GetUpdates", "result":"DeleteReceived", "context":{"id":"134fd475-38e4-4c33-b14c-1d1421b7ce25", "isDeleted:":"true", "version":"1674648122900"}}
{"logTime": "0130/070315", "correlationVector":"nYQGCsQaOLVHjX0isGwbJa.54","action":"GetUpdates", "result":"DeleteReceived", "context":{"id":"277af00b-b7de-456c-b94f-e5328148b3b4", "isDeleted:":"true", "version":"1674648122901"}}
{"logTime": "0130/070315", "correlationVector":"nYQGCsQaOLVHjX0isGwbJa.55","action":"GetUpdates", "result":"DeleteReceived", "context":{"id":"ca5f646b-3c39-4e79-8c46-6f4a1b326b22", "isDeleted:":"true", "version":"1674648122902"}}
{"logTime": "0130/070315", "correlationVector":"nYQGCsQaOLVHjX0isGwbJa.56","action":"GetUpdates", "result":"DeleteReceived", "context":{"id":"bd01b4d5-e285-492a-9046-10f67b304a8f", "isDeleted:":"true", "version":"1674648122904"}}
{"logTime": "0130/070315", "correlationVector":"nYQGCsQaOLVHjX0isGwbJa.57","action":"GetUpdates", "result":"DeleteReceived", "context":{"id":"a0e27df4-1d21-424d-89d9-4a7536d6cc3e", "isDeleted:":"true", "version":"1674648122905"}}
{"logTime": "0130/070315", "correlationVector":"nYQGCsQaOLVHjX0isGwbJa.58","action":"GetUpdates", "result":"DeleteReceived", "context":{"id":"72bbb663-be75-487c-b8d9-0421d17a9f07", "isDeleted:":"true", "version":"1674648164258"}}
{"logTime": "0130/070315", "correlationVector":"nYQGCsQaOLVHjX0isGwbJa.59","action":"GetUpdates", "result":"DeleteReceived", "context":{"id":"5067d540-0bb2-4831-9d1d-13e9a549dc4c", "isDeleted:":"true", "version":"1674648594707"}}
{"logTime": "0130/070315", "correlationVector":"nYQGCsQaOLVHjX0isGwbJa.60","action":"GetUpdates", "result":"DeleteReceived", "context":{"id":"42ce5863-2fae-46ae-a806-a12d2baa2975", "isDeleted:":"true", "version":"1674648878032"}}
{"logTime": "0130/070315", "correlationVector":"nYQGCsQaOLVHjX0isGwbJa.61","action":"GetUpdates", "result":"DeleteReceived", "context":{"id":"52cdf2d9-64fd-4cb8-a244-272ffa1c50f0", "isDeleted:":"true", "version":"1674648910260"}}
{"logTime": "0130/070315", "correlationVector":"nYQGCsQaOLVHjX0isGwbJa.62","action":"GetUpdates", "result":"DeleteReceived", "context":{"id":"85248fe9-3e15-4909-a060-e60cb3587465", "isDeleted:":"true", "version":"1674648910262"}}
{"logTime": "0130/070315", "correlationVector":"nYQGCsQaOLVHjX0isGwbJa.63","action":"GetUpdates", "result":"DeleteReceived", "context":{"id":"69c6d6f4-9571-4c9e-93a6-f34629d665e6", "isDeleted:":"true", "version":"1674649277148"}}
{"logTime": "0130/070315", "correlationVector":"nYQGCsQaOLVHjX0isGwbJa.64","action":"GetUpdates", "result":"DeleteReceived", "context":{"id":"d3c04d85-c5b3-4d5c-9c92-0f16c8719b49", "isDeleted:":"true", "version":"1674649277152"}}
{"logTime": "0130/070315", "correlationVector":"nYQGCsQaOLVHjX0isGwbJa.65","action":"GetUpdates", "result":"DeleteReceived", "context":{"id":"6d0b75c9-9a25-4c07-95af-6883ff6c79af", "isDeleted:":"true", "version":"1674649277153"}}
{"logTime": "0130/070315", "correlationVector":"nYQGCsQaOLVHjX0isGwbJa.66","action":"GetUpdates", "result":"DeleteReceived", "context":{"id":"f4b5cf7d-354f-47b5-80da-80d040369034", "isDeleted:":"true", "version":"1674649310513"}}
{"logTime": "0130/070315", "correlationVector":"nYQGCsQaOLVHjX0isGwbJa.67","action":"GetUpdates", "result":"DeleteReceived", "context":{"id":"497c26af-e828-42d0-8164-2544cf20c167", "isDeleted:":"true", "version":"1674649696191"}}
{"logTime": "0130/070315", "correlationVector":"nYQGCsQaOLVHjX0isGwbJa.68","action":"GetUpdates", "result":"DeleteReceived", "context":{"id":"6857cd1f-ae0e-41ea-8788-2660a59dcd0a", "isDeleted:":"true", "version":"1674649696192"}}
{"logTime": "0130/070315", "correlationVector":"nYQGCsQaOLVHjX0isGwbJa.69","action":"GetUpdates", "result":"DeleteReceived", "context":{"id":"8e215428-ff99-4988-9087-01789f305d23", "isDeleted:":"true", "version":"1674649696193"}}
{"logTime": "0130/070315", "correlationVector":"nYQGCsQaOLVHjX0isGwbJa.70","action":"GetUpdates", "result":"DeleteReceived", "context":{"id":"2b83c103-b903-46d2-8bf4-7855b29367fd", "isDeleted:":"true", "version":"1674649696194"}}
{"logTime": "0130/070315", "correlationVector":"nYQGCsQaOLVHjX0isGwbJa.71","action":"GetUpdates", "result":"DeleteReceived", "context":{"id":"6b0788f9-3bb8-426e-839d-d422a1cd96b5", "isDeleted:":"true", "version":"1674649696196"}}
{"logTime": "0130/070315", "correlationVector":"nYQGCsQaOLVHjX0isGwbJa.72","action":"GetUpdates", "result":"DeleteReceived", "context":{"id":"65df0837-1316-4bcc-83df-252fedb26f9a", "isDeleted:":"true", "version":"1674651052279"}}
{"logTime": "0130/070315", "correlationVector":"nYQGCsQaOLVHjX0isGwbJa.73","action":"GetUpdates", "result":"DeleteReceived", "context":{"id":"b03b0d99-c5fd-4215-9c21-72c1b3b58ab1", "isDeleted:":"true", "version":"1674651739485"}}
{"logTime": "0130/070315", "correlationVector":"nYQGCsQaOLVHjX0isGwbJa.74","action":"GetUpdates", "result":"DeleteReceived", "context":{"id":"669e1bb6-046d-4e33-9f8b-148350103f61", "isDeleted:":"true", "version":"1674651739486"}}
{"logTime": "0130/070315", "correlationVector":"nYQGCsQaOLVHjX0isGwbJa.75","action":"GetUpdates", "result":"DeleteReceived", "context":{"id":"2e4e0734-22de-4857-8aad-5873d192c67e", "isDeleted:":"true", "version":"1674651779309"}}
{"logTime": "0130/070315", "correlationVector":"nYQGCsQaOLVHjX0isGwbJa.76","action":"GetUpdates", "result":"DeleteReceived", "context":{"id":"65eed936-0eef-44e9-8ff0-4c12df583ded", "isDeleted:":"true", "version":"1674651779311"}}
{"logTime": "0130/070315", "correlationVector":"nYQGCsQaOLVHjX0isGwbJa.77","action":"GetUpdates", "result":"DeleteReceived", "context":{"id":"b41f8ac1-4165-4c90-8d6b-26fb1219189a", "isDeleted:":"true", "version":"1674652621282"}}
{"logTime": "0130/070315", "correlationVector":"nYQGCsQaOLVHjX0isGwbJa.78","action":"GetUpdates", "result":"DeleteReceived", "context":{"id":"9fcaf79a-a6b6-40cb-8f63-b183111163ad", "isDeleted:":"true", "version":"1674652621283"}}
{"logTime": "0130/070315", "correlationVector":"nYQGCsQaOLVHjX0isGwbJa.79","action":"GetUpdates", "result":"DeleteReceived", "context":{"id":"61b5b9e9-021e-4759-ac68-03b83d53a95c", "isDeleted:":"true", "version":"1674655054483"}}
{"logTime": "0130/070315", "correlationVector":"nYQGCsQaOLVHjX0isGwbJa.80","action":"GetUpdates", "result":"DeleteReceived", "context":{"id":"79a37e0d-4ca0-4774-bb5b-e8f5e1827bfc", "isDeleted:":"true", "version":"1674655912050"}}
{"logTime": "0130/070315", "correlationVector":"nYQGCsQaOLVHjX0isGwbJa.81","action":"GetUpdates", "result":"DeleteReceived", "context":{"id":"fd04bb31-62ab-4846-8252-440e672a66cc", "isDeleted:":"true", "version":"1674656593515"}}
{"logTime": "0130/070315", "correlationVector":"nYQGCsQaOLVHjX0isGwbJa.82","action":"GetUpdates", "result":"DeleteReceived", "context":{"id":"54caa325-3df9-418b-a46c-f6cc0360622f", "isDeleted:":"true", "version":"1674657469398"}}
{"logTime": "0130/070315", "correlationVector":"nYQGCsQaOLVHjX0isGwbJa.83","action":"GetUpdates", "result":"DeleteReceived", "context":{"id":"0e61d655-18a3-4b40-8905-3ffaa9f07a54", "isDeleted:":"true", "version":"1674657469399"}}
{"logTime": "0130/070315", "correlationVector":"nYQGCsQaOLVHjX0isGwbJa.84","action":"GetUpdates", "result":"DeleteReceived", "context":{"id":"43ee43cd-f40c-4bed-8f82-d7ba57b62702", "isDeleted:":"true", "version":"1674657469401"}}
{"logTime": "0130/070315", "correlationVector":"nYQGCsQaOLVHjX0isGwbJa.85","action":"GetUpdates", "result":"DeleteReceived", "context":{"id":"0e533edf-049f-4a43-b6c7-0d0654ab9617", "isDeleted:":"true", "version":"1674657469402"}}
{"logTime": "0130/070315", "correlationVector":"nYQGCsQaOLVHjX0isGwbJa.86","action":"GetUpdates", "result":"DeleteReceived", "context":{"id":"0dec474a-4fc1-479b-9e49-7bd5c5461c38", "isDeleted:":"true", "version":"1674657469403"}}
{"logTime": "0130/070315", "correlationVector":"nYQGCsQaOLVHjX0isGwbJa.87","action":"GetUpdates", "result":"DeleteReceived", "context":{"id":"096e5812-612f-4506-bf71-0f194b061a2f", "isDeleted:":"true", "version":"1674657469404"}}
{"logTime": "0130/070315", "correlationVector":"nYQGCsQaOLVHjX0isGwbJa.88","action":"GetUpdates", "result":"DeleteReceived", "context":{"id":"6918d588-7fd3-4977-b0ee-2608401107f6", "isDeleted:":"true", "version":"1674657469405"}}
{"logTime": "0130/070315", "correlationVector":"nYQGCsQaOLVHjX0isGwbJa.89","action":"GetUpdates", "result":"DeleteReceived", "context":{"id":"7d70d26e-0209-4cf2-b34e-d34ffabe0df0", "isDeleted:":"true", "version":"1674661113537"}}
{"logTime": "0130/070315", "correlationVector":"nYQGCsQaOLVHjX0isGwbJa.90","action":"GetUpdates", "result":"DeleteReceived", "context":{"id":"9ab6d4f7-e042-4d8c-94e5-6428c152aa60", "isDeleted:":"true", "version":"1674661113538"}}
{"logTime": "0130/070315", "correlationVector":"nYQGCsQaOLVHjX0isGwbJa.91","action":"GetUpdates Response", "result":"SERVER_MORE_TO_DOWNLOAD", "context":Received 268 update(s).  Some updates remain.}
{"logTime": "0130/070315", "correlationVector":"vPBWsamEu3LBRkrt8oOtu0","action":"Initial GetUpdates", "result":"", "context":Reason: NEWLY_SUPPORTED_DATATYPE. cV=vPBWsamEu3LBRkrt8oOtu0}
{"logTime": "0130/070316", "correlationVector":"vPBWsamEu3LBRkrt8oOtu0.1","action":"SyncServerConnectionManagerRequest", "result":"SYNC_SERVER_OK", "context":{"environment":"Prod_SoutheastAsia_000j", "server":"GENERAL01000006"}}
{"logTime": "0130/070316", "correlationVector":"vPBWsamEu3LBRkrt8oOtu0.2","action":"GetUpdates Response", "result":"SERVER_MORE_TO_DOWNLOAD", "context":Received 250 update(s).  Some updates remain.}
{"logTime": "0130/070316", "correlationVector":"IVVTzn6m49wVUXxvTLa9CY","action":"Initial GetUpdates", "result":"", "context":Reason: NEWLY_SUPPORTED_DATATYPE. cV=IVVTzn6m49wVUXxvTLa9CY}
{"logTime": "0130/070316", "correlationVector":"IVVTzn6m49wVUXxvTLa9CY.1","action":"SyncServerConnectionManagerRequest", "result":"SYNC_SERVER_OK", "context":{"environment":"Prod_SoutheastAsia_000j", "server":"GENERAL01000012"}}
{"logTime": "0130/070316", "correlationVector":"IVVTzn6m49wVUXxvTLa9CY.2","action":"GetUpdates Response", "result":"SYNCER_OK", "context":Received 31 update(s). cV=IVVTzn6m49wVUXxvTLa9CY.0;server=GENERAL01000012;cloudType=Consumer;environment=Prod_SoutheastAsia_000j}
{"logTime": "0130/070316", "correlationVector":"M3K2jS5GRTBG33v6/M93ft","action":"Normal GetUpdate request", "result":"", "context":cV=M3K2jS5GRTBG33v6/M93ft
Nudged types: Bookmarks, Sessions, Device Info, User Consents
Refresh requested types: Bookmarks, Preferences, Passwords, Autofill Profiles, Autofill, Autofill Custom Data, Typed URLs, Extensions, Sessions, Extension settings, History Delete Directives, Device Info, User Consents, Send Tab To Self, Collection, Encryption Keys}
{"logTime": "0130/070317", "correlationVector":"M3K2jS5GRTBG33v6/M93ft.1","action":"SyncServerConnectionManagerRequest", "result":"SYNC_SERVER_OK", "context":{"environment":"Prod_SoutheastAsia_000j", "server":"GENERAL01000006"}}
{"logTime": "0130/070317", "correlationVector":"M3K2jS5GRTBG33v6/M93ft.2","action":"GetUpdates Response", "result":"SYNCER_OK", "context":Received 0 update(s). cV=M3K2jS5GRTBG33v6/M93ft.0;server=GENERAL01000006;cloudType=Consumer;environment=Prod_SoutheastAsia_000j}
{"logTime": "0130/070317", "correlationVector":"nZoY7Y8oo4KFhm4cjB/nW4","action":"Commit Request", "result":"", "context":Item count: 1
Contributing types: Device Info}
{"logTime": "0130/070317", "correlationVector":"nZoY7Y8oo4KFhm4cjB/nW4.1","action":"SyncServerConnectionManagerRequest", "result":"SYNC_SERVER_OK", "context":{"environment":"Prod_SoutheastAsia_000j", "server":"GENERAL0100000P"}}
{"logTime": "0130/070317", "correlationVector":"nZoY7Y8oo4KFhm4cjB/nW4.2","action":"Commit Response", "result":"SYNCER_OK", "context":Result: SYNCER_OK. cV=nZoY7Y8oo4KFhm4cjB/nW4.0;server=GENERAL0100000P;cloudType=Consumer;environment=Prod_SoutheastAsia_000j}
{"logTime": "0130/070317", "correlationVector":"DCQbrj324nasMLQlDba282","action":"Commit Request", "result":"", "context":Item count: 20
Contributing types: Bookmarks, Typed URLs}
{"logTime": "0130/070318", "correlationVector":"DCQbrj324nasMLQlDba282.1","action":"SyncServerConnectionManagerRequest", "result":"SYNC_SERVER_OK", "context":{"environment":"Prod_SoutheastAsia_000j", "server":"GENERAL0100001D"}}
{"logTime": "0130/070318", "correlationVector":"DCQbrj324nasMLQlDba282.2","action":"Commit Response", "result":"SYNCER_OK", "context":Result: SYNCER_OK. cV=DCQbrj324nasMLQlDba282.0;server=GENERAL0100001D;cloudType=Consumer;environment=Prod_SoutheastAsia_000j}
{"logTime": "0130/070319", "correlationVector":"IcrMy7GrCntA6aVew8/I6h","action":"Commit Request", "result":"", "context":Item count: 4
Contributing types: Sessions, User Consents}
{"logTime": "0130/070319", "correlationVector":"IcrMy7GrCntA6aVew8/I6h.1","action":"SyncServerConnectionManagerRequest", "result":"SYNC_SERVER_OK", "context":{"environment":"Prod_SoutheastAsia_000j", "server":"GENERAL01000016"}}
{"logTime": "0130/070319", "correlationVector":"IcrMy7GrCntA6aVew8/I6h.2","action":"Commit Response", "result":"SYNCER_OK", "context":Result: SYNCER_OK. cV=IcrMy7GrCntA6aVew8/I6h.0;server=GENERAL01000016;cloudType=Consumer;environment=Prod_SoutheastAsia_000j}
{"logTime": "0130/070442", "correlationVector":"PWzJ1cVFh2rroneNq7EbCQ","action":"Commit Request", "result":"", "context":Item count: 1
Contributing types: Sessions}
{"logTime": "0130/070456", "correlationVector":"PWzJ1cVFh2rroneNq7EbCQ.1","action":"SyncServerConnectionManagerRequest", "result":"SYNC_SERVER_OK", "context":{"environment":"Prod_SoutheastAsia_000j", "server":"GENERAL0100001I"}}
{"logTime": "0130/070456", "correlationVector":"PWzJ1cVFh2rroneNq7EbCQ.2","action":"Commit Response", "result":"SYNCER_OK", "context":Result: SYNCER_OK. cV=PWzJ1cVFh2rroneNq7EbCQ.0;server=GENERAL0100001I;cloudType=Consumer;environment=Prod_SoutheastAsia_000j}
{"logTime": "0130/070457", "correlationVector":"A17wW5nxcmwnwnYV+Pkq4Y","action":"Commit Request", "result":"", "context":Item count: 20
Contributing types: Passwords}
{"logTime": "0130/070459", "correlationVector":"A17wW5nxcmwnwnYV+Pkq4Y.1","action":"SyncServerConnectionManagerRequest", "result":"SYNC_SERVER_OK", "context":{"environment":"Prod_SoutheastAsia_000j", "server":"GENERAL0100000L"}}
{"logTime": "0130/070459", "correlationVector":"A17wW5nxcmwnwnYV+Pkq4Y.2","action":"Commit Response", "result":"SYNCER_OK", "context":Result: SYNCER_OK. cV=A17wW5nxcmwnwnYV+Pkq4Y.0;server=GENERAL0100000L;cloudType=Consumer;environment=Prod_SoutheastAsia_000j}
{"logTime": "0130/070459", "correlationVector":"ZP8jrcXsIpvhM0gOX0AbFO","action":"Commit Request", "result":"", "context":Item count: 20
Contributing types: Passwords}
{"logTime": "0130/070501", "correlationVector":"ZP8jrcXsIpvhM0gOX0AbFO.1","action":"SyncServerConnectionManagerRequest", "result":"SYNC_SERVER_OK", "context":{"environment":"Prod_SoutheastAsia_000j", "server":"GENERAL01000005"}}
{"logTime": "0130/070501", "correlationVector":"ZP8jrcXsIpvhM0gOX0AbFO.2","action":"Commit Response", "result":"SYNCER_OK", "context":Result: SYNCER_OK. cV=ZP8jrcXsIpvhM0gOX0AbFO.0;server=GENERAL01000005;cloudType=Consumer;environment=Prod_SoutheastAsia_000j}
{"logTime": "0130/070501", "correlationVector":"HEtySXii6ER99TN/UK8WqF","action":"Commit Request", "result":"", "context":Item count: 20
Contributing types: Passwords}
{"logTime": "0130/070502", "correlationVector":"HEtySXii6ER99TN/UK8WqF.1","action":"SyncServerConnectionManagerRequest", "result":"SYNC_SERVER_OK", "context":{"environment":"Prod_SoutheastAsia_000j", "server":"GENERAL01000006"}}
{"logTime": "0130/070502", "correlationVector":"HEtySXii6ER99TN/UK8WqF.2","action":"Commit Response", "result":"SYNCER_OK", "context":Result: SYNCER_OK. cV=HEtySXii6ER99TN/UK8WqF.0;server=GENERAL01000006;cloudType=Consumer;environment=Prod_SoutheastAsia_000j}
{"logTime": "0130/070502", "correlationVector":"UXf+4LK04BAQWxW2FUmYsG","action":"Commit Request", "result":"", "context":Item count: 20
Contributing types: Passwords}
{"logTime": "0130/070504", "correlationVector":"UXf+4LK04BAQWxW2FUmYsG.1","action":"SyncServerConnectionManagerRequest", "result":"SYNC_SERVER_OK", "context":{"environment":"Prod_SoutheastAsia_000j", "server":"GENERAL01000001"}}
{"logTime": "0130/070504", "correlationVector":"UXf+4LK04BAQWxW2FUmYsG.2","action":"Commit Response", "result":"SYNCER_OK", "context":Result: SYNCER_OK. cV=UXf+4LK04BAQWxW2FUmYsG.0;server=GENERAL01000001;cloudType=Consumer;environment=Prod_SoutheastAsia_000j}
{"logTime": "0130/070504", "correlationVector":"uloWIgwz5RZBOVXkqgXR6x","action":"Commit Request", "result":"", "context":Item count: 20
Contributing types: Passwords}
{"logTime": "0130/070505", "correlationVector":"uloWIgwz5RZBOVXkqgXR6x.1","action":"SyncServerConnectionManagerRequest", "result":"SYNC_SERVER_OK", "context":{"environment":"Prod_SoutheastAsia_000j", "server":"GENERAL0100001E"}}
{"logTime": "0130/070505", "correlationVector":"uloWIgwz5RZBOVXkqgXR6x.2","action":"Commit Response", "result":"SYNCER_OK", "context":Result: SYNCER_OK. cV=uloWIgwz5RZBOVXkqgXR6x.0;server=GENERAL0100001E;cloudType=Consumer;environment=Prod_SoutheastAsia_000j}
{"logTime": "0130/070505", "correlationVector":"em2LIWtf+yxsZLZZVV6OYb","action":"Commit Request", "result":"", "context":Item count: 20
Contributing types: Passwords}
{"logTime": "0130/070506", "correlationVector":"em2LIWtf+yxsZLZZVV6OYb.1","action":"SyncServerConnectionManagerRequest", "result":"SYNC_SERVER_OK", "context":{"environment":"Prod_SoutheastAsia_000j", "server":"GENERAL01000012"}}
{"logTime": "0130/070506", "correlationVector":"em2LIWtf+yxsZLZZVV6OYb.2","action":"Commit Response", "result":"SYNCER_OK", "context":Result: SYNCER_OK. cV=em2LIWtf+yxsZLZZVV6OYb.0;server=GENERAL01000012;cloudType=Consumer;environment=Prod_SoutheastAsia_000j}
{"logTime": "0130/070506", "correlationVector":"xAFy43XU2Un49RWbLq7mgz","action":"Commit Request", "result":"", "context":Item count: 20
Contributing types: Passwords}
{"logTime": "0130/070508", "correlationVector":"xAFy43XU2Un49RWbLq7mgz.1","action":"SyncServerConnectionManagerRequest", "result":"SYNC_SERVER_OK", "context":{"environment":"Prod_SoutheastAsia_000j", "server":"GENERAL01000000"}}
{"logTime": "0130/070508", "correlationVector":"xAFy43XU2Un49RWbLq7mgz.2","action":"Commit Response", "result":"SYNCER_OK", "context":Result: SYNCER_OK. cV=xAFy43XU2Un49RWbLq7mgz.0;server=GENERAL01000000;cloudType=Consumer;environment=Prod_SoutheastAsia_000j}
{"logTime": "0130/070508", "correlationVector":"LknfABMx/xK07s2JaP2h3E","action":"Commit Request", "result":"", "context":Item count: 20
Contributing types: Passwords}
{"logTime": "0130/070509", "correlationVector":"LknfABMx/xK07s2JaP2h3E.1","action":"SyncServerConnectionManagerRequest", "result":"SYNC_SERVER_OK", "context":{"environment":"Prod_SoutheastAsia_000j", "server":"GENERAL01000017"}}
{"logTime": "0130/070509", "correlationVector":"LknfABMx/xK07s2JaP2h3E.2","action":"Commit Response", "result":"SYNCER_OK", "context":Result: SYNCER_OK. cV=LknfABMx/xK07s2JaP2h3E.0;server=GENERAL01000017;cloudType=Consumer;environment=Prod_SoutheastAsia_000j}
{"logTime": "0130/070509", "correlationVector":"aKltsAS9nzzm18KzccA1fg","action":"Commit Request", "result":"", "context":Item count: 10
Contributing types: Passwords}
{"logTime": "0130/070510", "correlationVector":"aKltsAS9nzzm18KzccA1fg.1","action":"SyncServerConnectionManagerRequest", "result":"SYNC_SERVER_OK", "context":{"environment":"Prod_SoutheastAsia_000j", "server":"GENERAL0100000C"}}
{"logTime": "0130/070510", "correlationVector":"aKltsAS9nzzm18KzccA1fg.2","action":"Commit Response", "result":"SYNCER_OK", "context":Result: SYNCER_OK. cV=aKltsAS9nzzm18KzccA1fg.0;server=GENERAL0100000C;cloudType=Consumer;environment=Prod_SoutheastAsia_000j}
{"logTime": "0130/071032", "correlationVector":"dLTVV6L+eJjsaTOoG6DP3K.0","action":"FeedSettingFetch_homeCloud", "result":"0", "context":{}}
{"logTime": "0130/071032", "correlationVector":"eSzFpeqvsRBsiQVvu9SSd1.1","action":"SyncServerConnectionManagerRequest", "result":"SYNC_SERVER_OK", "context":{"environment":"Prod_SoutheastAsia_000j", "server":"GENERAL0100001F"}}
{"logTime": "0130/071032", "correlationVector":"eSzFpeqvsRBsiQVvu9SSd1","action":"Initial GetUpdates", "result":"", "context":Reason: NEW_CLIENT. cV=eSzFpeqvsRBsiQVvu9SSd1}
{"logTime": "0130/071032", "correlationVector":"eSzFpeqvsRBsiQVvu9SSd1.2","action":"GetUpdates Response", "result":"SYNCER_OK", "context":Received 1 update(s). cV=eSzFpeqvsRBsiQVvu9SSd1.0;server=GENERAL0100001F;cloudType=Consumer;environment=Prod_SoutheastAsia_000j}
{"logTime": "0130/071032", "correlationVector":"Trv0JigZARBuiOsK/4lfsz","action":"Normal GetUpdate request", "result":"", "context":cV=Trv0JigZARBuiOsK/4lfsz
Nudged types: Sessions, User Consents
Refresh requested types: Bookmarks, Preferences, Autofill Custom Data, Typed URLs, Extensions, Sessions, Extension settings, History Delete Directives, Device Info, User Consents, Send Tab To Self, Collection, Encryption Keys}
{"logTime": "0130/071032", "correlationVector":"Trv0JigZARBuiOsK/4lfsz.1","action":"SyncServerConnectionManagerRequest", "result":"SYNC_SERVER_OK", "context":{"environment":"Prod_SoutheastAsia_000j", "server":"GENERAL0100000E"}}
{"logTime": "0130/071032", "correlationVector":"Trv0JigZARBuiOsK/4lfsz.2","action":"GetUpdates", "result":"DeleteReceived", "context":{"id":"1405da0f-0061-40aa-8fed-6f38286279ea", "isDeleted:":"true", "version":"1674758942527"}}
{"logTime": "0130/071032", "correlationVector":"Trv0JigZARBuiOsK/4lfsz.3","action":"GetUpdates", "result":"DeleteReceived", "context":{"id":"e72706db-1c7d-4234-bd50-2d10a31339b3", "isDeleted:":"true", "version":"1674627108689"}}
{"logTime": "0130/071032", "correlationVector":"Trv0JigZARBuiOsK/4lfsz.4","action":"GetUpdates", "result":"DeleteReceived", "context":{"id":"2b9243b6-b5f5-4244-acee-c4cced713c0e", "isDeleted:":"true", "version":"1674635115930"}}
{"logTime": "0130/071032", "correlationVector":"Trv0JigZARBuiOsK/4lfsz.5","action":"GetUpdates", "result":"DeleteReceived", "context":{"id":"f68295b3-dbfe-4b69-9cf9-805936aea294", "isDeleted:":"true", "version":"1674635456627"}}
{"logTime": "0130/071032", "correlationVector":"Trv0JigZARBuiOsK/4lfsz.6","action":"GetUpdates", "result":"DeleteReceived", "context":{"id":"aa4a28b1-b651-4893-bb0b-53cf5515bded", "isDeleted:":"true", "version":"1674644067030"}}
{"logTime": "0130/071032", "correlationVector":"Trv0JigZARBuiOsK/4lfsz.7","action":"GetUpdates", "result":"DeleteReceived", "context":{"id":"676a2cc5-141e-4c5a-9bc4-2bc149e93c4a", "isDeleted:":"true", "version":"1674644100185"}}
{"logTime": "0130/071032", "correlationVector":"Trv0JigZARBuiOsK/4lfsz.8","action":"GetUpdates", "result":"DeleteReceived", "context":{"id":"ec9d0f94-6ee8-4f0a-a237-7061e1409fe6", "isDeleted:":"true", "version":"1674644665901"}}
{"logTime": "0130/071032", "correlationVector":"Trv0JigZARBuiOsK/4lfsz.9","action":"GetUpdates", "result":"DeleteReceived", "context":{"id":"6ba86877-9e8b-42c1-becb-98cde00a14d8", "isDeleted:":"true", "version":"1674644701874"}}
{"logTime": "0130/071032", "correlationVector":"Trv0JigZARBuiOsK/4lfsz.10","action":"GetUpdates", "result":"DeleteReceived", "context":{"id":"b14922b8-2939-4722-8b41-83a9d1f80642", "isDeleted:":"true", "version":"1674647000458"}}
{"logTime": "0130/071032", "correlationVector":"Trv0JigZARBuiOsK/4lfsz.11","action":"GetUpdates", "result":"DeleteReceived", "context":{"id":"d1e08cb0-0468-42b3-85f6-0c3526a98e30", "isDeleted:":"true", "version":"1674647000459"}}
{"logTime": "0130/071032", "correlationVector":"Trv0JigZARBuiOsK/4lfsz.12","action":"GetUpdates", "result":"DeleteReceived", "context":{"id":"24b64501-b549-40fe-a6b5-b63e02d85517", "isDeleted:":"true", "version":"1674647000461"}}
{"logTime": "0130/071032", "correlationVector":"Trv0JigZARBuiOsK/4lfsz.13","action":"GetUpdates", "result":"DeleteReceived", "context":{"id":"5f566bed-20bb-407e-a9e3-59c0e3d5a262", "isDeleted:":"true", "version":"1674647000462"}}
{"logTime": "0130/071032", "correlationVector":"Trv0JigZARBuiOsK/4lfsz.14","action":"GetUpdates", "result":"DeleteReceived", "context":{"id":"63d8535e-23b3-4a54-ac4d-6f2a142bb499", "isDeleted:":"true", "version":"1674647000463"}}
{"logTime": "0130/071032", "correlationVector":"Trv0JigZARBuiOsK/4lfsz.15","action":"GetUpdates", "result":"DeleteReceived", "context":{"id":"a15255bf-4f00-4641-926d-a77e8a9ca1eb", "isDeleted:":"true", "version":"1674647000464"}}
{"logTime": "0130/071032", "correlationVector":"Trv0JigZARBuiOsK/4lfsz.16","action":"GetUpdates", "result":"DeleteReceived", "context":{"id":"0903e01d-2cc3-4668-8cea-d2c93a27738f", "isDeleted:":"true", "version":"1674647000465"}}
{"logTime": "0130/071032", "correlationVector":"Trv0JigZARBuiOsK/4lfsz.17","action":"GetUpdates", "result":"DeleteReceived", "context":{"id":"9f85b169-0074-48bd-a438-41cc07c1c24a", "isDeleted:":"true", "version":"1674647000466"}}
{"logTime": "0130/071032", "correlationVector":"Trv0JigZARBuiOsK/4lfsz.18","action":"GetUpdates", "result":"DeleteReceived", "context":{"id":"de6d5f64-28b8-4062-aa0b-a6046bfa5988", "isDeleted:":"true", "version":"1674648122897"}}
{"logTime": "0130/071032", "correlationVector":"Trv0JigZARBuiOsK/4lfsz.19","action":"GetUpdates", "result":"DeleteReceived", "context":{"id":"134fd475-38e4-4c33-b14c-1d1421b7ce25", "isDeleted:":"true", "version":"1674648122900"}}
{"logTime": "0130/071032", "correlationVector":"Trv0JigZARBuiOsK/4lfsz.20","action":"GetUpdates", "result":"DeleteReceived", "context":{"id":"277af00b-b7de-456c-b94f-e5328148b3b4", "isDeleted:":"true", "version":"1674648122901"}}
{"logTime": "0130/071032", "correlationVector":"Trv0JigZARBuiOsK/4lfsz.21","action":"GetUpdates", "result":"DeleteReceived", "context":{"id":"ca5f646b-3c39-4e79-8c46-6f4a1b326b22", "isDeleted:":"true", "version":"1674648122902"}}
{"logTime": "0130/071032", "correlationVector":"Trv0JigZARBuiOsK/4lfsz.22","action":"GetUpdates", "result":"DeleteReceived", "context":{"id":"bd01b4d5-e285-492a-9046-10f67b304a8f", "isDeleted:":"true", "version":"1674648122904"}}
{"logTime": "0130/071032", "correlationVector":"Trv0JigZARBuiOsK/4lfsz.23","action":"GetUpdates", "result":"DeleteReceived", "context":{"id":"a0e27df4-1d21-424d-89d9-4a7536d6cc3e", "isDeleted:":"true", "version":"1674648122905"}}
{"logTime": "0130/071032", "correlationVector":"Trv0JigZARBuiOsK/4lfsz.24","action":"GetUpdates", "result":"DeleteReceived", "context":{"id":"72bbb663-be75-487c-b8d9-0421d17a9f07", "isDeleted:":"true", "version":"1674648164258"}}
{"logTime": "0130/071032", "correlationVector":"Trv0JigZARBuiOsK/4lfsz.25","action":"GetUpdates", "result":"DeleteReceived", "context":{"id":"5067d540-0bb2-4831-9d1d-13e9a549dc4c", "isDeleted:":"true", "version":"1674648594707"}}
{"logTime": "0130/071032", "correlationVector":"Trv0JigZARBuiOsK/4lfsz.26","action":"GetUpdates", "result":"DeleteReceived", "context":{"id":"42ce5863-2fae-46ae-a806-a12d2baa2975", "isDeleted:":"true", "version":"1674648878032"}}
{"logTime": "0130/071032", "correlationVector":"Trv0JigZARBuiOsK/4lfsz.27","action":"GetUpdates", "result":"DeleteReceived", "context":{"id":"52cdf2d9-64fd-4cb8-a244-272ffa1c50f0", "isDeleted:":"true", "version":"1674648910260"}}
{"logTime": "0130/071032", "correlationVector":"Trv0JigZARBuiOsK/4lfsz.28","action":"GetUpdates", "result":"DeleteReceived", "context":{"id":"85248fe9-3e15-4909-a060-e60cb3587465", "isDeleted:":"true", "version":"1674648910262"}}
{"logTime": "0130/071032", "correlationVector":"Trv0JigZARBuiOsK/4lfsz.29","action":"GetUpdates", "result":"DeleteReceived", "context":{"id":"69c6d6f4-9571-4c9e-93a6-f34629d665e6", "isDeleted:":"true", "version":"1674649277148"}}
{"logTime": "0130/071032", "correlationVector":"Trv0JigZARBuiOsK/4lfsz.30","action":"GetUpdates", "result":"DeleteReceived", "context":{"id":"d3c04d85-c5b3-4d5c-9c92-0f16c8719b49", "isDeleted:":"true", "version":"1674649277152"}}
{"logTime": "0130/071032", "correlationVector":"Trv0JigZARBuiOsK/4lfsz.31","action":"GetUpdates", "result":"DeleteReceived", "context":{"id":"6d0b75c9-9a25-4c07-95af-6883ff6c79af", "isDeleted:":"true", "version":"1674649277153"}}
{"logTime": "0130/071032", "correlationVector":"Trv0JigZARBuiOsK/4lfsz.32","action":"GetUpdates", "result":"DeleteReceived", "context":{"id":"f4b5cf7d-354f-47b5-80da-80d040369034", "isDeleted:":"true", "version":"1674649310513"}}
{"logTime": "0130/071032", "correlationVector":"Trv0JigZARBuiOsK/4lfsz.33","action":"GetUpdates", "result":"DeleteReceived", "context":{"id":"497c26af-e828-42d0-8164-2544cf20c167", "isDeleted:":"true", "version":"1674649696191"}}
{"logTime": "0130/071032", "correlationVector":"Trv0JigZARBuiOsK/4lfsz.34","action":"GetUpdates", "result":"DeleteReceived", "context":{"id":"6857cd1f-ae0e-41ea-8788-2660a59dcd0a", "isDeleted:":"true", "version":"1674649696192"}}
{"logTime": "0130/071032", "correlationVector":"Trv0JigZARBuiOsK/4lfsz.35","action":"GetUpdates", "result":"DeleteReceived", "context":{"id":"8e215428-ff99-4988-9087-01789f305d23", "isDeleted:":"true", "version":"1674649696193"}}
{"logTime": "0130/071032", "correlationVector":"Trv0JigZARBuiOsK/4lfsz.36","action":"GetUpdates", "result":"DeleteReceived", "context":{"id":"2b83c103-b903-46d2-8bf4-7855b29367fd", "isDeleted:":"true", "version":"1674649696194"}}
{"logTime": "0130/071032", "correlationVector":"Trv0JigZARBuiOsK/4lfsz.37","action":"GetUpdates", "result":"DeleteReceived", "context":{"id":"6b0788f9-3bb8-426e-839d-d422a1cd96b5", "isDeleted:":"true", "version":"1674649696196"}}
{"logTime": "0130/071032", "correlationVector":"Trv0JigZARBuiOsK/4lfsz.38","action":"GetUpdates", "result":"DeleteReceived", "context":{"id":"65df0837-1316-4bcc-83df-252fedb26f9a", "isDeleted:":"true", "version":"1674651052279"}}
{"logTime": "0130/071032", "correlationVector":"Trv0JigZARBuiOsK/4lfsz.39","action":"GetUpdates", "result":"DeleteReceived", "context":{"id":"b03b0d99-c5fd-4215-9c21-72c1b3b58ab1", "isDeleted:":"true", "version":"1674651739485"}}
{"logTime": "0130/071032", "correlationVector":"Trv0JigZARBuiOsK/4lfsz.40","action":"GetUpdates", "result":"DeleteReceived", "context":{"id":"669e1bb6-046d-4e33-9f8b-148350103f61", "isDeleted:":"true", "version":"1674651739486"}}
{"logTime": "0130/071032", "correlationVector":"Trv0JigZARBuiOsK/4lfsz.41","action":"GetUpdates", "result":"DeleteReceived", "context":{"id":"2e4e0734-22de-4857-8aad-5873d192c67e", "isDeleted:":"true", "version":"1674651779309"}}
{"logTime": "0130/071032", "correlationVector":"Trv0JigZARBuiOsK/4lfsz.42","action":"GetUpdates", "result":"DeleteReceived", "context":{"id":"65eed936-0eef-44e9-8ff0-4c12df583ded", "isDeleted:":"true", "version":"1674651779311"}}
{"logTime": "0130/071032", "correlationVector":"Trv0JigZARBuiOsK/4lfsz.43","action":"GetUpdates", "result":"DeleteReceived", "context":{"id":"b41f8ac1-4165-4c90-8d6b-26fb1219189a", "isDeleted:":"true", "version":"1674652621282"}}
{"logTime": "0130/071032", "correlationVector":"Trv0JigZARBuiOsK/4lfsz.44","action":"GetUpdates", "result":"DeleteReceived", "context":{"id":"9fcaf79a-a6b6-40cb-8f63-b183111163ad", "isDeleted:":"true", "version":"1674652621283"}}
{"logTime": "0130/071032", "correlationVector":"Trv0JigZARBuiOsK/4lfsz.45","action":"GetUpdates", "result":"DeleteReceived", "context":{"id":"61b5b9e9-021e-4759-ac68-03b83d53a95c", "isDeleted:":"true", "version":"1674655054483"}}
{"logTime": "0130/071032", "correlationVector":"Trv0JigZARBuiOsK/4lfsz.46","action":"GetUpdates", "result":"DeleteReceived", "context":{"id":"79a37e0d-4ca0-4774-bb5b-e8f5e1827bfc", "isDeleted:":"true", "version":"1674655912050"}}
{"logTime": "0130/071032", "correlationVector":"Trv0JigZARBuiOsK/4lfsz.47","action":"GetUpdates", "result":"DeleteReceived", "context":{"id":"fd04bb31-62ab-4846-8252-440e672a66cc", "isDeleted:":"true", "version":"1674656593515"}}
{"logTime": "0130/071032", "correlationVector":"Trv0JigZARBuiOsK/4lfsz.48","action":"GetUpdates", "result":"DeleteReceived", "context":{"id":"54caa325-3df9-418b-a46c-f6cc0360622f", "isDeleted:":"true", "version":"1674657469398"}}
{"logTime": "0130/071032", "correlationVector":"Trv0JigZARBuiOsK/4lfsz.49","action":"GetUpdates", "result":"DeleteReceived", "context":{"id":"0e61d655-18a3-4b40-8905-3ffaa9f07a54", "isDeleted:":"true", "version":"1674657469399"}}
{"logTime": "0130/071032", "correlationVector":"Trv0JigZARBuiOsK/4lfsz.50","action":"GetUpdates", "result":"DeleteReceived", "context":{"id":"43ee43cd-f40c-4bed-8f82-d7ba57b62702", "isDeleted:":"true", "version":"1674657469401"}}
{"logTime": "0130/071032", "correlationVector":"Trv0JigZARBuiOsK/4lfsz.51","action":"GetUpdates", "result":"DeleteReceived", "context":{"id":"0e533edf-049f-4a43-b6c7-0d0654ab9617", "isDeleted:":"true", "version":"1674657469402"}}
{"logTime": "0130/071032", "correlationVector":"Trv0JigZARBuiOsK/4lfsz.52","action":"GetUpdates", "result":"DeleteReceived", "context":{"id":"0dec474a-4fc1-479b-9e49-7bd5c5461c38", "isDeleted:":"true", "version":"1674657469403"}}
{"logTime": "0130/071032", "correlationVector":"Trv0JigZARBuiOsK/4lfsz.53","action":"GetUpdates", "result":"DeleteReceived", "context":{"id":"096e5812-612f-4506-bf71-0f194b061a2f", "isDeleted:":"true", "version":"1674657469404"}}
{"logTime": "0130/071032", "correlationVector":"Trv0JigZARBuiOsK/4lfsz.54","action":"GetUpdates", "result":"DeleteReceived", "context":{"id":"6918d588-7fd3-4977-b0ee-2608401107f6", "isDeleted:":"true", "version":"1674657469405"}}
{"logTime": "0130/071032", "correlationVector":"Trv0JigZARBuiOsK/4lfsz.55","action":"GetUpdates", "result":"DeleteReceived", "context":{"id":"7d70d26e-0209-4cf2-b34e-d34ffabe0df0", "isDeleted:":"true", "version":"1674661113537"}}
{"logTime": "0130/071032", "correlationVector":"Trv0JigZARBuiOsK/4lfsz.56","action":"GetUpdates", "result":"DeleteReceived", "context":{"id":"9ab6d4f7-e042-4d8c-94e5-6428c152aa60", "isDeleted:":"true", "version":"1674661113538"}}
{"logTime": "0130/071032", "correlationVector":"Trv0JigZARBuiOsK/4lfsz.57","action":"GetUpdates Response", "result":"SYNCER_OK", "context":Received 122 update(s). cV=Trv0JigZARBuiOsK/4lfsz.0;server=GENERAL0100000E;cloudType=Consumer;environment=Prod_SoutheastAsia_000j}
{"logTime": "0130/071032", "correlationVector":"Dver2u3/UeGdAS9UOg3aqs","action":"Commit Request", "result":"", "context":Item count: 4
Contributing types: Sessions, User Consents}
{"logTime": "0130/071032", "correlationVector":"Dver2u3/UeGdAS9UOg3aqs.1","action":"SyncServerConnectionManagerRequest", "result":"SYNC_SERVER_OK", "context":{"environment":"Prod_SoutheastAsia_000j", "server":"GENERAL01000008"}}
{"logTime": "0130/071032", "correlationVector":"Dver2u3/UeGdAS9UOg3aqs.3","action":"Commit.Sessions", "result":"Success", "context":{"id":"b327b2e9-ffee-42a8-832c-5efcf5a136a9", "isDeleted":"true", "size":"0", "version":"1675062282768"}}
{"logTime": "0130/071032", "correlationVector":"Dver2u3/UeGdAS9UOg3aqs.2","action":"Commit Response", "result":"SYNCER_OK", "context":Result: SYNCER_OK. cV=Dver2u3/UeGdAS9UOg3aqs.0;server=GENERAL01000008;cloudType=Consumer;environment=Prod_SoutheastAsia_000j}
{"logTime": "0130/071055", "correlationVector":"r3X5mdWdhbm6wQjvrURsMA","action":"SyncServerConnectionManagerRequest", "result":"SYNC_SERVER_OK", "context":{"environment":"", "server":""}}
{"logTime": "0130/071055", "correlationVector":"JVHHuyY1g6Um+9UgFcrq06","action":"Normal GetUpdate request", "result":"", "context":cV=JVHHuyY1g6Um+9UgFcrq06
Nudged types: Sessions}
{"logTime": "0130/071055", "correlationVector":"JVHHuyY1g6Um+9UgFcrq06.1","action":"SyncServerConnectionManagerRequest", "result":"SYNC_SERVER_OK", "context":{"environment":"Prod_SoutheastAsia_000j", "server":"GENERAL01000015"}}
{"logTime": "0130/071055", "correlationVector":"JVHHuyY1g6Um+9UgFcrq06.2","action":"GetUpdates", "result":"DeleteReceived", "context":{"id":"b327b2e9-ffee-42a8-832c-5efcf5a136a9", "isDeleted:":"true", "version":"1675062623821"}}
{"logTime": "0130/071055", "correlationVector":"JVHHuyY1g6Um+9UgFcrq06.3","action":"GetUpdates Response", "result":"SYNCER_OK", "context":Received 3 update(s). cV=JVHHuyY1g6Um+9UgFcrq06.0;server=GENERAL01000015;cloudType=Consumer;environment=Prod_SoutheastAsia_000j}
{"logTime": "0130/071055", "correlationVector":"FY1ImefGeVnSzUw9cp+7zq","action":"Commit Request", "result":"", "context":Item count: 1
Contributing types: Sessions}
{"logTime": "0130/071055", "correlationVector":"FY1ImefGeVnSzUw9cp+7zq.1","action":"SyncServerConnectionManagerRequest", "result":"SYNC_SERVER_OK", "context":{"environment":"Prod_SoutheastAsia_000j", "server":"GENERAL0100000Y"}}
{"logTime": "0130/071055", "correlationVector":"FY1ImefGeVnSzUw9cp+7zq.2","action":"Commit Response", "result":"SYNCER_OK", "context":Result: SYNCER_OK. cV=FY1ImefGeVnSzUw9cp+7zq.0;server=GENERAL0100000Y;cloudType=Consumer;environment=Prod_SoutheastAsia_000j}
{"logTime": "0130/071055", "correlationVector":"1c+eKZf/lR4iHN+rSaZfjX","action":"Initial GetUpdates", "result":"", "context":Reason: NEWLY_SUPPORTED_DATATYPE. cV=1c+eKZf/lR4iHN+rSaZfjX}
{"logTime": "0130/071056", "correlationVector":"1c+eKZf/lR4iHN+rSaZfjX.1","action":"SyncServerConnectionManagerRequest", "result":"SYNC_SERVER_OK", "context":{"environment":"Prod_SoutheastAsia_000j", "server":"GENERAL01000001"}}
{"logTime": "0130/071056", "correlationVector":"1c+eKZf/lR4iHN+rSaZfjX.2","action":"GetUpdates", "result":"DeleteReceived", "context":{"id":"c6b875fd-ba38-4f26-ac8c-2033d51403d8", "isDeleted:":"true", "version":"1669030591532"}}
{"logTime": "0130/071056", "correlationVector":"1c+eKZf/lR4iHN+rSaZfjX.3","action":"GetUpdates", "result":"DeleteReceived", "context":{"id":"6aa0c9b2-50c0-41c2-b594-01029cd7b760", "isDeleted:":"true", "version":"1669030597416"}}
{"logTime": "0130/071056", "correlationVector":"1c+eKZf/lR4iHN+rSaZfjX.4","action":"GetUpdates", "result":"DeleteReceived", "context":{"id":"4803264c-7ba3-4a7f-9e29-35677ada2512", "isDeleted:":"true", "version":"1669030598116"}}
{"logTime": "0130/071056", "correlationVector":"1c+eKZf/lR4iHN+rSaZfjX.5","action":"GetUpdates", "result":"DeleteReceived", "context":{"id":"38e5f064-58fc-4002-b048-37ff069ccba5", "isDeleted:":"true", "version":"1669030599057"}}
{"logTime": "0130/071056", "correlationVector":"1c+eKZf/lR4iHN+rSaZfjX.6","action":"GetUpdates", "result":"DeleteReceived", "context":{"id":"e540c7ed-f33c-4780-81e2-50cdcf72f5cb", "isDeleted:":"true", "version":"1669030613856"}}
{"logTime": "0130/071056", "correlationVector":"1c+eKZf/lR4iHN+rSaZfjX.7","action":"GetUpdates", "result":"DeleteReceived", "context":{"id":"de4be73c-4c6c-46d5-ac1f-0ef2af9dbdc2", "isDeleted:":"true", "version":"1669031229935"}}
{"logTime": "0130/071056", "correlationVector":"1c+eKZf/lR4iHN+rSaZfjX.8","action":"GetUpdates", "result":"DeleteReceived", "context":{"id":"9fdc36a2-c37d-46cc-b205-d021c543c15d", "isDeleted:":"true", "version":"1669866607541"}}
{"logTime": "0130/071056", "correlationVector":"1c+eKZf/lR4iHN+rSaZfjX.9","action":"GetUpdates", "result":"DeleteReceived", "context":{"id":"3a4ec458-5b6e-44b9-baa0-ed72e91e20ab", "isDeleted:":"true", "version":"1673630166028"}}
{"logTime": "0130/071056", "correlationVector":"1c+eKZf/lR4iHN+rSaZfjX.10","action":"GetUpdates", "result":"DeleteReceived", "context":{"id":"84212272-06e8-4c92-8033-0d2e9b4546b2", "isDeleted:":"true", "version":"1673630166029"}}
{"logTime": "0130/071056", "correlationVector":"1c+eKZf/lR4iHN+rSaZfjX.11","action":"GetUpdates", "result":"DeleteReceived", "context":{"id":"c8955469-7b61-4154-9a98-a140ebc01a43", "isDeleted:":"true", "version":"1674038046060"}}
{"logTime": "0130/071056", "correlationVector":"1c+eKZf/lR4iHN+rSaZfjX.12","action":"GetUpdates", "result":"DeleteReceived", "context":{"id":"5a16c82f-4485-439c-8a7e-182be4b8eed1", "isDeleted:":"true", "version":"1674647394242"}}
{"logTime": "0130/071056", "correlationVector":"1c+eKZf/lR4iHN+rSaZfjX.13","action":"GetUpdates", "result":"DeleteReceived", "context":{"id":"d228c376-8835-4f2d-b294-874bf8e87f06", "isDeleted:":"true", "version":"1674647395029"}}
{"logTime": "0130/071056", "correlationVector":"1c+eKZf/lR4iHN+rSaZfjX.14","action":"GetUpdates", "result":"DeleteReceived", "context":{"id":"7df20c2a-0b6d-4a9f-9d3b-2a03c6957cfe", "isDeleted:":"true", "version":"1674647395741"}}
{"logTime": "0130/071056", "correlationVector":"1c+eKZf/lR4iHN+rSaZfjX.15","action":"GetUpdates", "result":"DeleteReceived", "context":{"id":"8dc72789-0fd9-4e4e-9ac6-b88ae5b8ee6f", "isDeleted:":"true", "version":"1674647396486"}}
{"logTime": "0130/071056", "correlationVector":"1c+eKZf/lR4iHN+rSaZfjX.16","action":"GetUpdates", "result":"DeleteReceived", "context":{"id":"6cbf6f9e-b286-4a01-a9b4-b4b193be72fe", "isDeleted:":"true", "version":"1674647397240"}}
{"logTime": "0130/071056", "correlationVector":"1c+eKZf/lR4iHN+rSaZfjX.17","action":"GetUpdates", "result":"DeleteReceived", "context":{"id":"ae5362ee-6b6b-4f75-aebf-7cb130898377", "isDeleted:":"true", "version":"1674647398128"}}
{"logTime": "0130/071056", "correlationVector":"1c+eKZf/lR4iHN+rSaZfjX.18","action":"GetUpdates", "result":"DeleteReceived", "context":{"id":"7c9d6442-c6c2-4f14-b845-49885d19f1f4", "isDeleted:":"true", "version":"1674647400168"}}
{"logTime": "0130/071056", "correlationVector":"1c+eKZf/lR4iHN+rSaZfjX.19","action":"GetUpdates", "result":"DeleteReceived", "context":{"id":"5701b726-2c69-4807-b5a3-aafce6ab4379", "isDeleted:":"true", "version":"1674647400973"}}
{"logTime": "0130/071056", "correlationVector":"1c+eKZf/lR4iHN+rSaZfjX.20","action":"GetUpdates", "result":"DeleteReceived", "context":{"id":"7de2ebcb-9438-4d14-818f-0032197be572", "isDeleted:":"true", "version":"1674647401780"}}
{"logTime": "0130/071056", "correlationVector":"1c+eKZf/lR4iHN+rSaZfjX.21","action":"GetUpdates", "result":"DeleteReceived", "context":{"id":"52578e04-6f7d-4de8-8fda-95e34bb81a9a", "isDeleted:":"true", "version":"1674647402650"}}
{"logTime": "0130/071056", "correlationVector":"1c+eKZf/lR4iHN+rSaZfjX.22","action":"GetUpdates", "result":"DeleteReceived", "context":{"id":"1cdec742-0586-4723-8588-05aa782d00e8", "isDeleted:":"true", "version":"1674647403542"}}
{"logTime": "0130/071056", "correlationVector":"1c+eKZf/lR4iHN+rSaZfjX.23","action":"GetUpdates", "result":"DeleteReceived", "context":{"id":"d62918fa-24fb-4e8a-bc02-e1d95e822ca7", "isDeleted:":"true", "version":"1674647410787"}}
{"logTime": "0130/071056", "correlationVector":"1c+eKZf/lR4iHN+rSaZfjX.24","action":"GetUpdates", "result":"DeleteReceived", "context":{"id":"094f83fe-d313-489f-b11e-853041113577", "isDeleted:":"true", "version":"1674647411590"}}
{"logTime": "0130/071056", "correlationVector":"1c+eKZf/lR4iHN+rSaZfjX.25","action":"GetUpdates", "result":"DeleteReceived", "context":{"id":"9c874d9e-c627-4c64-9071-07602ab63b0d", "isDeleted:":"true", "version":"1674647412389"}}
{"logTime": "0130/071056", "correlationVector":"1c+eKZf/lR4iHN+rSaZfjX.26","action":"GetUpdates", "result":"DeleteReceived", "context":{"id":"606fe9de-43ba-4cc2-83ed-0bbc6f5c3f40", "isDeleted:":"true", "version":"1674647413270"}}
{"logTime": "0130/071056", "correlationVector":"1c+eKZf/lR4iHN+rSaZfjX.27","action":"GetUpdates", "result":"DeleteReceived", "context":{"id":"bb753ef0-ed0f-4e9f-b253-3a93497aa1f8", "isDeleted:":"true", "version":"1674647414094"}}
{"logTime": "0130/071056", "correlationVector":"1c+eKZf/lR4iHN+rSaZfjX.28","action":"GetUpdates", "result":"DeleteReceived", "context":{"id":"f62682f7-f221-40a3-839a-f71bb2c40145", "isDeleted:":"true", "version":"1674647415971"}}
{"logTime": "0130/071056", "correlationVector":"1c+eKZf/lR4iHN+rSaZfjX.29","action":"GetUpdates", "result":"DeleteReceived", "context":{"id":"30e69eaa-9d5a-4b44-8b5e-81f42fb57344", "isDeleted:":"true", "version":"1674647428322"}}
{"logTime": "0130/071056", "correlationVector":"1c+eKZf/lR4iHN+rSaZfjX.30","action":"GetUpdates", "result":"DeleteReceived", "context":{"id":"d466a80a-d590-4354-826f-1e5892ac9f61", "isDeleted:":"true", "version":"1674647428324"}}
{"logTime": "0130/071056", "correlationVector":"1c+eKZf/lR4iHN+rSaZfjX.31","action":"GetUpdates Response", "result":"SERVER_MORE_TO_DOWNLOAD", "context":Received 268 update(s).  Some updates remain.}
{"logTime": "0130/071056", "correlationVector":"Ywr/l9E+MM8A6/XvlI/5A0","action":"Initial GetUpdates", "result":"", "context":Reason: NEWLY_SUPPORTED_DATATYPE. cV=Ywr/l9E+MM8A6/XvlI/5A0}
{"logTime": "0130/071057", "correlationVector":"Ywr/l9E+MM8A6/XvlI/5A0.1","action":"SyncServerConnectionManagerRequest", "result":"SYNC_SERVER_OK", "context":{"environment":"Prod_SoutheastAsia_000j", "server":"GENERAL0100001D"}}
{"logTime": "0130/071057", "correlationVector":"Ywr/l9E+MM8A6/XvlI/5A0.2","action":"GetUpdates Response", "result":"SERVER_MORE_TO_DOWNLOAD", "context":Received 250 update(s).  Some updates remain.}
{"logTime": "0130/071057", "correlationVector":"yq+CbPXiU/AgNC2R1b2Kfq","action":"Initial GetUpdates", "result":"", "context":Reason: NEWLY_SUPPORTED_DATATYPE. cV=yq+CbPXiU/AgNC2R1b2Kfq}
{"logTime": "0130/071057", "correlationVector":"yq+CbPXiU/AgNC2R1b2Kfq.1","action":"SyncServerConnectionManagerRequest", "result":"SYNC_SERVER_OK", "context":{"environment":"Prod_SoutheastAsia_000j", "server":"GENERAL01000018"}}
{"logTime": "0130/071057", "correlationVector":"yq+CbPXiU/AgNC2R1b2Kfq.2","action":"GetUpdates Response", "result":"SYNCER_OK", "context":Received 135 update(s). cV=yq+CbPXiU/AgNC2R1b2Kfq.0;server=GENERAL01000018;cloudType=Consumer;environment=Prod_SoutheastAsia_000j}
{"logTime": "0130/071057", "correlationVector":"by+TkO82SkiEq3J/VcpOZE","action":"Normal GetUpdate request", "result":"", "context":cV=by+TkO82SkiEq3J/VcpOZE
Nudged types: Sessions
Refresh requested types: Bookmarks, Preferences, Passwords, Autofill Profiles, Autofill, Autofill Custom Data, Typed URLs, Extensions, Sessions, Extension settings, History Delete Directives, Device Info, User Consents, Send Tab To Self, Collection, Encryption Keys}
{"logTime": "0130/071058", "correlationVector":"by+TkO82SkiEq3J/VcpOZE.1","action":"SyncServerConnectionManagerRequest", "result":"SYNC_SERVER_OK", "context":{"environment":"Prod_SoutheastAsia_000j", "server":"GENERAL01000015"}}
{"logTime": "0130/071058", "correlationVector":"by+TkO82SkiEq3J/VcpOZE.2","action":"GetUpdates", "result":"DeleteReceived", "context":{"id":"1fa8204f-8600-4474-84a5-bd733fa0468e", "isDeleted:":"true", "version":"1674627108687"}}
{"logTime": "0130/071058", "correlationVector":"by+TkO82SkiEq3J/VcpOZE.3","action":"GetUpdates Response", "result":"SERVER_MORE_TO_DOWNLOAD", "context":Received 4 update(s).  Some updates remain.}
{"logTime": "0130/071058", "correlationVector":"wVAF359PVVsYXsQx0/2ijE","action":"Normal GetUpdate request", "result":"", "context":cV=wVAF359PVVsYXsQx0/2ijE
Nudged types: Sessions
Refresh requested types: Bookmarks, Preferences, Passwords, Autofill Profiles, Autofill, Autofill Custom Data, Typed URLs, Extensions, Sessions, Extension settings, History Delete Directives, Device Info, User Consents, Send Tab To Self, Collection, Encryption Keys}
{"logTime": "0130/071059", "correlationVector":"wVAF359PVVsYXsQx0/2ijE.1","action":"SyncServerConnectionManagerRequest", "result":"SYNC_SERVER_OK", "context":{"environment":"Prod_SoutheastAsia_000j", "server":"GENERAL0100001I"}}
{"logTime": "0130/071059", "correlationVector":"wVAF359PVVsYXsQx0/2ijE.2","action":"GetUpdates Response", "result":"SERVER_MORE_TO_DOWNLOAD", "context":Received 13 update(s).  Some updates remain.}
{"logTime": "0130/071059", "correlationVector":"/O/5P31l/nbjrMbz56OZgU","action":"Normal GetUpdate request", "result":"", "context":cV=/O/5P31l/nbjrMbz56OZgU
Nudged types: Sessions
Refresh requested types: Bookmarks, Preferences, Passwords, Autofill Profiles, Autofill, Autofill Custom Data, Typed URLs, Extensions, Sessions, Extension settings, History Delete Directives, Device Info, User Consents, Send Tab To Self, Collection, Encryption Keys}
{"logTime": "0130/071100", "correlationVector":"/O/5P31l/nbjrMbz56OZgU.1","action":"SyncServerConnectionManagerRequest", "result":"SYNC_SERVER_OK", "context":{"environment":"Prod_SoutheastAsia_000j", "server":"GENERAL01000019"}}
{"logTime": "0130/071100", "correlationVector":"/O/5P31l/nbjrMbz56OZgU.2","action":"GetUpdates Response", "result":"SYNCER_OK", "context":Received 1 update(s). cV=/O/5P31l/nbjrMbz56OZgU.0;server=GENERAL01000019;cloudType=Consumer;environment=Prod_SoutheastAsia_000j}
{"logTime": "0131/135432", "correlationVector":"xE/FnmhSp+PKKxOGoYqgZ/.0","action":"FeedSettingFetch_homeCloud", "result":"0", "context":{}}
{"logTime": "0131/135432", "correlationVector":"xE/FnmhSp+PKKxOGoYqgZ/.0","action":"SyncServerConnectionManagerRequest", "result":"SYNC_SERVER_OK", "context":{"environment":"", "server":""}}
{"logTime": "0131/135432", "correlationVector":"TJ47tG9zVvO69Zq1SYCOnF.1","action":"SyncServerConnectionManagerRequest", "result":"SYNC_SERVER_OK", "context":{"environment":"Prod_SoutheastAsia_000j", "server":"GENERAL01000004"}}
{"logTime": "0131/135432", "correlationVector":"TJ47tG9zVvO69Zq1SYCOnF","action":"Initial GetUpdates", "result":"", "context":Reason: NEW_CLIENT. cV=TJ47tG9zVvO69Zq1SYCOnF}
{"logTime": "0131/135432", "correlationVector":"TJ47tG9zVvO69Zq1SYCOnF.2","action":"GetUpdates Response", "result":"SYNCER_OK", "context":Received 1 update(s). cV=TJ47tG9zVvO69Zq1SYCOnF.0;server=GENERAL01000004;cloudType=Consumer;environment=Prod_SoutheastAsia_000j}
{"logTime": "0131/135432", "correlationVector":"AkQPJH6EM97J8lPoii+pVJ","action":"Initial GetUpdates", "result":"", "context":Reason: NEWLY_SUPPORTED_DATATYPE. cV=AkQPJH6EM97J8lPoii+pVJ}
{"logTime": "0131/135432", "correlationVector":"AkQPJH6EM97J8lPoii+pVJ.1","action":"SyncServerConnectionManagerRequest", "result":"SYNC_SERVER_OK", "context":{"environment":"Prod_SoutheastAsia_000j", "server":"GENERAL0100000U"}}
{"logTime": "0131/135432", "correlationVector":"AkQPJH6EM97J8lPoii+pVJ.2","action":"GetUpdates", "result":"DeleteReceived", "context":{"id":"c6b875fd-ba38-4f26-ac8c-2033d51403d8", "isDeleted:":"true", "version":"1669030591532"}}
{"logTime": "0131/135432", "correlationVector":"AkQPJH6EM97J8lPoii+pVJ.3","action":"GetUpdates", "result":"DeleteReceived", "context":{"id":"6aa0c9b2-50c0-41c2-b594-01029cd7b760", "isDeleted:":"true", "version":"1669030597416"}}
{"logTime": "0131/135432", "correlationVector":"AkQPJH6EM97J8lPoii+pVJ.4","action":"GetUpdates", "result":"DeleteReceived", "context":{"id":"4803264c-7ba3-4a7f-9e29-35677ada2512", "isDeleted:":"true", "version":"1669030598116"}}
{"logTime": "0131/135432", "correlationVector":"AkQPJH6EM97J8lPoii+pVJ.5","action":"GetUpdates", "result":"DeleteReceived", "context":{"id":"38e5f064-58fc-4002-b048-37ff069ccba5", "isDeleted:":"true", "version":"1669030599057"}}
{"logTime": "0131/135432", "correlationVector":"AkQPJH6EM97J8lPoii+pVJ.6","action":"GetUpdates", "result":"DeleteReceived", "context":{"id":"e540c7ed-f33c-4780-81e2-50cdcf72f5cb", "isDeleted:":"true", "version":"1669030613856"}}
{"logTime": "0131/135432", "correlationVector":"AkQPJH6EM97J8lPoii+pVJ.7","action":"GetUpdates", "result":"DeleteReceived", "context":{"id":"de4be73c-4c6c-46d5-ac1f-0ef2af9dbdc2", "isDeleted:":"true", "version":"1669031229935"}}
{"logTime": "0131/135432", "correlationVector":"AkQPJH6EM97J8lPoii+pVJ.8","action":"GetUpdates", "result":"DeleteReceived", "context":{"id":"9fdc36a2-c37d-46cc-b205-d021c543c15d", "isDeleted:":"true", "version":"1669866607541"}}
{"logTime": "0131/135432", "correlationVector":"AkQPJH6EM97J8lPoii+pVJ.9","action":"GetUpdates", "result":"DeleteReceived", "context":{"id":"3a4ec458-5b6e-44b9-baa0-ed72e91e20ab", "isDeleted:":"true", "version":"1673630166028"}}
{"logTime": "0131/135432", "correlationVector":"AkQPJH6EM97J8lPoii+pVJ.10","action":"GetUpdates", "result":"DeleteReceived", "context":{"id":"84212272-06e8-4c92-8033-0d2e9b4546b2", "isDeleted:":"true", "version":"1673630166029"}}
{"logTime": "0131/135432", "correlationVector":"AkQPJH6EM97J8lPoii+pVJ.11","action":"GetUpdates", "result":"DeleteReceived", "context":{"id":"c8955469-7b61-4154-9a98-a140ebc01a43", "isDeleted:":"true", "version":"1674038046060"}}
{"logTime": "0131/135432", "correlationVector":"AkQPJH6EM97J8lPoii+pVJ.12","action":"GetUpdates", "result":"DeleteReceived", "context":{"id":"5a16c82f-4485-439c-8a7e-182be4b8eed1", "isDeleted:":"true", "version":"1674647394242"}}
{"logTime": "0131/135432", "correlationVector":"AkQPJH6EM97J8lPoii+pVJ.13","action":"GetUpdates", "result":"DeleteReceived", "context":{"id":"d228c376-8835-4f2d-b294-874bf8e87f06", "isDeleted:":"true", "version":"1674647395029"}}
{"logTime": "0131/135432", "correlationVector":"AkQPJH6EM97J8lPoii+pVJ.14","action":"GetUpdates", "result":"DeleteReceived", "context":{"id":"7df20c2a-0b6d-4a9f-9d3b-2a03c6957cfe", "isDeleted:":"true", "version":"1674647395741"}}
{"logTime": "0131/135432", "correlationVector":"AkQPJH6EM97J8lPoii+pVJ.15","action":"GetUpdates", "result":"DeleteReceived", "context":{"id":"8dc72789-0fd9-4e4e-9ac6-b88ae5b8ee6f", "isDeleted:":"true", "version":"1674647396486"}}
{"logTime": "0131/135432", "correlationVector":"AkQPJH6EM97J8lPoii+pVJ.16","action":"GetUpdates", "result":"DeleteReceived", "context":{"id":"6cbf6f9e-b286-4a01-a9b4-b4b193be72fe", "isDeleted:":"true", "version":"1674647397240"}}
{"logTime": "0131/135432", "correlationVector":"AkQPJH6EM97J8lPoii+pVJ.17","action":"GetUpdates", "result":"DeleteReceived", "context":{"id":"ae5362ee-6b6b-4f75-aebf-7cb130898377", "isDeleted:":"true", "version":"1674647398128"}}
{"logTime": "0131/135432", "correlationVector":"AkQPJH6EM97J8lPoii+pVJ.18","action":"GetUpdates", "result":"DeleteReceived", "context":{"id":"7c9d6442-c6c2-4f14-b845-49885d19f1f4", "isDeleted:":"true", "version":"1674647400168"}}
{"logTime": "0131/135432", "correlationVector":"AkQPJH6EM97J8lPoii+pVJ.19","action":"GetUpdates", "result":"DeleteReceived", "context":{"id":"5701b726-2c69-4807-b5a3-aafce6ab4379", "isDeleted:":"true", "version":"1674647400973"}}
{"logTime": "0131/135432", "correlationVector":"AkQPJH6EM97J8lPoii+pVJ.20","action":"GetUpdates", "result":"DeleteReceived", "context":{"id":"7de2ebcb-9438-4d14-818f-0032197be572", "isDeleted:":"true", "version":"1674647401780"}}
{"logTime": "0131/135432", "correlationVector":"AkQPJH6EM97J8lPoii+pVJ.21","action":"GetUpdates", "result":"DeleteReceived", "context":{"id":"52578e04-6f7d-4de8-8fda-95e34bb81a9a", "isDeleted:":"true", "version":"1674647402650"}}
{"logTime": "0131/135432", "correlationVector":"AkQPJH6EM97J8lPoii+pVJ.22","action":"GetUpdates", "result":"DeleteReceived", "context":{"id":"1cdec742-0586-4723-8588-05aa782d00e8", "isDeleted:":"true", "version":"1674647403542"}}
{"logTime": "0131/135432", "correlationVector":"AkQPJH6EM97J8lPoii+pVJ.23","action":"GetUpdates", "result":"DeleteReceived", "context":{"id":"d62918fa-24fb-4e8a-bc02-e1d95e822ca7", "isDeleted:":"true", "version":"1674647410787"}}
{"logTime": "0131/135432", "correlationVector":"AkQPJH6EM97J8lPoii+pVJ.24","action":"GetUpdates", "result":"DeleteReceived", "context":{"id":"094f83fe-d313-489f-b11e-853041113577", "isDeleted:":"true", "version":"1674647411590"}}
{"logTime": "0131/135432", "correlationVector":"AkQPJH6EM97J8lPoii+pVJ.25","action":"GetUpdates", "result":"DeleteReceived", "context":{"id":"9c874d9e-c627-4c64-9071-07602ab63b0d", "isDeleted:":"true", "version":"1674647412389"}}
{"logTime": "0131/135432", "correlationVector":"AkQPJH6EM97J8lPoii+pVJ.26","action":"GetUpdates", "result":"DeleteReceived", "context":{"id":"606fe9de-43ba-4cc2-83ed-0bbc6f5c3f40", "isDeleted:":"true", "version":"1674647413270"}}
{"logTime": "0131/135432", "correlationVector":"AkQPJH6EM97J8lPoii+pVJ.27","action":"GetUpdates", "result":"DeleteReceived", "context":{"id":"bb753ef0-ed0f-4e9f-b253-3a93497aa1f8", "isDeleted:":"true", "version":"1674647414094"}}
{"logTime": "0131/135432", "correlationVector":"AkQPJH6EM97J8lPoii+pVJ.28","action":"GetUpdates", "result":"DeleteReceived", "context":{"id":"f62682f7-f221-40a3-839a-f71bb2c40145", "isDeleted:":"true", "version":"1674647415971"}}
{"logTime": "0131/135432", "correlationVector":"AkQPJH6EM97J8lPoii+pVJ.29","action":"GetUpdates", "result":"DeleteReceived", "context":{"id":"30e69eaa-9d5a-4b44-8b5e-81f42fb57344", "isDeleted:":"true", "version":"1674647428322"}}
{"logTime": "0131/135432", "correlationVector":"AkQPJH6EM97J8lPoii+pVJ.30","action":"GetUpdates", "result":"DeleteReceived", "context":{"id":"d466a80a-d590-4354-826f-1e5892ac9f61", "isDeleted:":"true", "version":"1674647428324"}}
{"logTime": "0131/135432", "correlationVector":"AkQPJH6EM97J8lPoii+pVJ.31","action":"GetUpdates Response", "result":"SERVER_MORE_TO_DOWNLOAD", "context":Received 252 update(s).  Some updates remain.}
{"logTime": "0131/135432", "correlationVector":"iXLh/JqIWr8BuC3D1NdvFU","action":"Initial GetUpdates", "result":"", "context":Reason: NEWLY_SUPPORTED_DATATYPE. cV=iXLh/JqIWr8BuC3D1NdvFU}
{"logTime": "0131/135432", "correlationVector":"iXLh/JqIWr8BuC3D1NdvFU.1","action":"SyncServerConnectionManagerRequest", "result":"SYNC_SERVER_OK", "context":{"environment":"Prod_SoutheastAsia_000j", "server":"GENERAL01000003"}}
{"logTime": "0131/135432", "correlationVector":"iXLh/JqIWr8BuC3D1NdvFU.2","action":"GetUpdates Response", "result":"SERVER_MORE_TO_DOWNLOAD", "context":Received 250 update(s).  Some updates remain.}
{"logTime": "0131/135432", "correlationVector":"nLk8IbaweTBmFl/CuKnEIr","action":"Initial GetUpdates", "result":"", "context":Reason: NEWLY_SUPPORTED_DATATYPE. cV=nLk8IbaweTBmFl/CuKnEIr}
{"logTime": "0131/135432", "correlationVector":"nLk8IbaweTBmFl/CuKnEIr.1","action":"SyncServerConnectionManagerRequest", "result":"SYNC_SERVER_OK", "context":{"environment":"Prod_SoutheastAsia_000j", "server":"GENERAL0100001I"}}
{"logTime": "0131/135432", "correlationVector":"nLk8IbaweTBmFl/CuKnEIr.2","action":"GetUpdates Response", "result":"SYNCER_OK", "context":Received 152 update(s). cV=nLk8IbaweTBmFl/CuKnEIr.0;server=GENERAL0100001I;cloudType=Consumer;environment=Prod_SoutheastAsia_000j}
{"logTime": "0131/135432", "correlationVector":"99FGZWXBiIdXJxUnDlCyTV","action":"Normal GetUpdate request", "result":"", "context":cV=99FGZWXBiIdXJxUnDlCyTV
Nudged types: Sessions, Device Info, User Consents
Refresh requested types: Bookmarks, Preferences, Passwords, Autofill Profiles, Autofill, Autofill Custom Data, Typed URLs, Extensions, Sessions, Extension settings, History Delete Directives, Device Info, User Consents, Send Tab To Self, Collection, Encryption Keys}
{"logTime": "0131/135432", "correlationVector":"99FGZWXBiIdXJxUnDlCyTV.1","action":"SyncServerConnectionManagerRequest", "result":"SYNC_SERVER_OK", "context":{"environment":"Prod_SoutheastAsia_000j", "server":"GENERAL01000019"}}
{"logTime": "0131/135432", "correlationVector":"99FGZWXBiIdXJxUnDlCyTV.2","action":"GetUpdates Response", "result":"SERVER_MORE_TO_DOWNLOAD", "context":Received 6 update(s).  Some updates remain.}
{"logTime": "0131/135432", "correlationVector":"25yTuq6X8QuT5JGGI4RFYA","action":"Normal GetUpdate request", "result":"", "context":cV=25yTuq6X8QuT5JGGI4RFYA
Nudged types: Sessions, Device Info, User Consents
Refresh requested types: Bookmarks, Preferences, Passwords, Autofill Profiles, Autofill, Autofill Custom Data, Typed URLs, Extensions, Sessions, Extension settings, History Delete Directives, Device Info, User Consents, Send Tab To Self, Collection, Encryption Keys}
{"logTime": "0131/135432", "correlationVector":"25yTuq6X8QuT5JGGI4RFYA.1","action":"SyncServerConnectionManagerRequest", "result":"SYNC_SERVER_OK", "context":{"environment":"Prod_SoutheastAsia_000j", "server":"GENERAL01000004"}}
{"logTime": "0131/135432", "correlationVector":"25yTuq6X8QuT5JGGI4RFYA.2","action":"GetUpdates Response", "result":"SYNCER_OK", "context":Received 0 update(s). cV=25yTuq6X8QuT5JGGI4RFYA.0;server=GENERAL01000004;cloudType=Consumer;environment=Prod_SoutheastAsia_000j}
{"logTime": "0131/135432", "correlationVector":"X8YWTdoLJlJVnl+ZQOh896","action":"Commit Request", "result":"", "context":Item count: 1
Contributing types: Device Info}
{"logTime": "0131/135432", "correlationVector":"X8YWTdoLJlJVnl+ZQOh896.1","action":"SyncServerConnectionManagerRequest", "result":"SYNC_SERVER_OK", "context":{"environment":"Prod_SoutheastAsia_000j", "server":"GENERAL01000018"}}
{"logTime": "0131/135432", "correlationVector":"X8YWTdoLJlJVnl+ZQOh896.2","action":"Commit Response", "result":"SYNCER_OK", "context":Result: SYNCER_OK. cV=X8YWTdoLJlJVnl+ZQOh896.0;server=GENERAL01000018;cloudType=Consumer;environment=Prod_SoutheastAsia_000j}
{"logTime": "0131/135432", "correlationVector":"0b1vpGJFtyZsgP12voqYWl","action":"Commit Request", "result":"", "context":Item count: 4
Contributing types: Sessions, User Consents}
{"logTime": "0131/135432", "correlationVector":"0b1vpGJFtyZsgP12voqYWl.1","action":"SyncServerConnectionManagerRequest", "result":"SYNC_SERVER_OK", "context":{"environment":"Prod_SoutheastAsia_000j", "server":"GENERAL01000016"}}
{"logTime": "0131/135432", "correlationVector":"0b1vpGJFtyZsgP12voqYWl.3","action":"Commit.Sessions", "result":"Success", "context":{"id":"0d64d298-0ccd-4541-b825-e3c1f2429f18", "isDeleted":"true", "size":"0", "version":"1675062655249"}}
{"logTime": "0131/135432", "correlationVector":"0b1vpGJFtyZsgP12voqYWl.2","action":"Commit Response", "result":"SYNCER_OK", "context":Result: SYNCER_OK. cV=0b1vpGJFtyZsgP12voqYWl.0;server=GENERAL01000016;cloudType=Consumer;environment=Prod_SoutheastAsia_000j}
{"logTime": "0131/135432", "correlationVector":"F/DAckmBsB4/FEQPcz6Jc7","action":"Normal GetUpdate request", "result":"", "context":cV=F/DAckmBsB4/FEQPcz6Jc7
Nudged types: Sessions, Device Info}
{"logTime": "0131/135432", "correlationVector":"F/DAckmBsB4/FEQPcz6Jc7.1","action":"SyncServerConnectionManagerRequest", "result":"SYNC_SERVER_OK", "context":{"environment":"Prod_SoutheastAsia_000j", "server":"GENERAL0100000R"}}
{"logTime": "0131/135432", "correlationVector":"F/DAckmBsB4/FEQPcz6Jc7.2","action":"GetUpdates", "result":"DeleteReceived", "context":{"id":"0d64d298-0ccd-4541-b825-e3c1f2429f18", "isDeleted:":"true", "version":"1675173262099"}}
{"logTime": "0131/135432", "correlationVector":"F/DAckmBsB4/FEQPcz6Jc7.3","action":"GetUpdates Response", "result":"SYNCER_OK", "context":Received 6 update(s). cV=F/DAckmBsB4/FEQPcz6Jc7.0;server=GENERAL0100000R;cloudType=Consumer;environment=Prod_SoutheastAsia_000j}
{"logTime": "0131/135434", "correlationVector":"Vw5zmYXM3PRZDSoerjufsJ","action":"Normal GetUpdate request", "result":"", "context":cV=Vw5zmYXM3PRZDSoerjufsJ
Notified types: Passwords}
{"logTime": "0131/135435", "correlationVector":"Vw5zmYXM3PRZDSoerjufsJ.1","action":"SyncServerConnectionManagerRequest", "result":"SYNC_SERVER_OK", "context":{"environment":"Prod_SoutheastAsia_000j", "server":"general0100000I"}}
{"logTime": "0131/135435", "correlationVector":"Vw5zmYXM3PRZDSoerjufsJ.2","action":"GetUpdates Response", "result":"SYNCER_OK", "context":Received 0 update(s). cV=Vw5zmYXM3PRZDSoerjufsJ.0;server=general0100000I;cloudType=Consumer;environment=Prod_SoutheastAsia_000j}
{"logTime": "0131/135515", "correlationVector":"16eu6hjdLYu25SpnQBKH9x","action":"Commit Request", "result":"", "context":Item count: 1
Contributing types: Typed URLs}
{"logTime": "0131/135518", "correlationVector":"16eu6hjdLYu25SpnQBKH9x.1","action":"SyncServerConnectionManagerRequest", "result":"SYNC_SERVER_OK", "context":{"environment":"Prod_SoutheastAsia_000j", "server":"GENERAL01000017"}}
{"logTime": "0131/135518", "correlationVector":"16eu6hjdLYu25SpnQBKH9x.2","action":"Commit Response", "result":"SYNCER_OK", "context":Result: SYNCER_OK. cV=16eu6hjdLYu25SpnQBKH9x.0;server=GENERAL01000017;cloudType=Consumer;environment=Prod_SoutheastAsia_000j}
{"logTime": "0131/135525", "correlationVector":"umHXTyiJaTVsZMzkJZkTP/","action":"Poll GetUpdate request", "result":"", "context":cV=umHXTyiJaTVsZMzkJZkTP/}
{"logTime": "0131/135528", "correlationVector":"umHXTyiJaTVsZMzkJZkTP/.1","action":"SyncServerConnectionManagerRequest", "result":"SYNC_SERVER_OK", "context":{"environment":"Prod_SoutheastAsia_000j", "server":"GENERAL0100000D"}}
{"logTime": "0131/135528", "correlationVector":"umHXTyiJaTVsZMzkJZkTP/.2","action":"GetUpdates Response", "result":"SYNCER_OK", "context":Received 1 update(s). cV=umHXTyiJaTVsZMzkJZkTP/.0;server=GENERAL0100000D;cloudType=Consumer;environment=Prod_SoutheastAsia_000j}
